Mon 01 May 2023 12:44:31 AM UTC: 
 tests:  0|5
total_score: 0/70
6582fa7
Mon 01 May 2023 12:51:37 AM UTC: 
 sudoku.c | 18 ++++++++++++++++--
 1 file changed, 16 insertions(+), 2 deletions(-)
In file included from test.c:5:
sudoku.c: In function ‘get_adj_nodes’:
sudoku.c:58:18: error: ‘Node’ has no member named ‘state’
   58 |             if (n->state[row][col] == 0) { // Si la casilla está vacía, agregamos nuevos nodos
      |                  ^~
sudoku.c:61:29: error: ‘Node’ has no member named ‘state’
   61 |                     adj_node->state[row][col] = val; // Agregamos un valor posible a la casilla vacía
      |                             ^~
sudoku.c:62:21: error: implicit declaration of function ‘addLast’ [-Werror=implicit-function-declaration]
   62 |                     addLast(adj_nodes, adj_node); // Agregamos el nodo adyacente a la lista
      |                     ^~~~~~~
cc1: all warnings being treated as errors
Compilation failed
6993cef
Mon 01 May 2023 01:25:25 AM UTC: 
 sudoku.c | 25 ++++++++++++-------------
 1 file changed, 12 insertions(+), 13 deletions(-)
 tests:  2|4
total_score: 15/70
2eaaad7
Mon 01 May 2023 01:44:09 AM UTC: 
 sudoku.c | 11 ++++++++++-
 1 file changed, 10 insertions(+), 1 deletion(-)
 tests:  2|4
total_score: 15/70
d31d5e4
Mon 01 May 2023 01:45:10 AM UTC: 
 sudoku.c | 4 ++++
 1 file changed, 4 insertions(+)
 tests:  2|4
total_score: 15/70
31d2b21
Mon 01 May 2023 01:45:33 AM UTC: 
 sudoku.c | 4 ++--
 1 file changed, 2 insertions(+), 2 deletions(-)
 tests:  2|4
total_score: 15/70
d8f2c6e
Mon 01 May 2023 01:49:39 AM UTC: 
 sudoku.c | 6 +++---
 1 file changed, 3 insertions(+), 3 deletions(-)
 tests:  2|4
total_score: 15/70
960ac93
Mon 01 May 2023 02:01:52 AM UTC: 
 sudoku.c | 8 +++-----
 1 file changed, 3 insertions(+), 5 deletions(-)
In file included from test.c:5:
sudoku.c: In function ‘is_valid’:
sudoku.c:47:7: error: unused variable ‘valido’ [-Werror=unused-variable]
   47 |   int valido[10], i, j;
      |       ^~~~~~
cc1: all warnings being treated as errors
Compilation failed
812ab67
Mon 01 May 2023 02:22:41 AM UTC: 
 sudoku.c | 18 ++++++++++++++++--
 1 file changed, 16 insertions(+), 2 deletions(-)
In file included from test.c:5:
sudoku.c: In function ‘is_valid’:
sudoku.c:54:36: error: ‘k’ undeclared (first use in this function)
   54 |             if(is_valid(n->sudo[i][k]) == valido[z])
      |                                    ^
sudoku.c:54:36: note: each undeclared identifier is reported only once for each function it appears in
sudoku.c:47:22: error: unused variable ‘p’ [-Werror=unused-variable]
   47 |   int *valido, i, j, p;
      |                      ^
sudoku.c: At top level:
sudoku.c:73:3: error: expected identifier or ‘(’ before ‘return’
   73 |   return 1;
      |   ^~~~~~
sudoku.c:74:1: error: expected identifier or ‘(’ before ‘}’ token
   74 | }
      | ^
sudoku.c: In function ‘is_valid’:
sudoku.c:72:3: error: control reaches end of non-void function [-Werror=return-type]
   72 |   }
      |   ^
cc1: all warnings being treated as errors
Compilation failed
47a46bb
Mon 01 May 2023 02:22:50 AM UTC: 
 sudoku.c | 2 +-
 1 file changed, 1 insertion(+), 1 deletion(-)
In file included from test.c:5:
sudoku.c: In function ‘is_valid’:
sudoku.c:54:36: error: ‘k’ undeclared (first use in this function)
   54 |             if(is_valid(n->sudo[i][k]) == valido[z])
      |                                    ^
sudoku.c:54:36: note: each undeclared identifier is reported only once for each function it appears in
sudoku.c:47:22: error: unused variable ‘z’ [-Werror=unused-variable]
   47 |   int *valido, i, j, z;
      |                      ^
sudoku.c: At top level:
sudoku.c:73:3: error: expected identifier or ‘(’ before ‘return’
   73 |   return 1;
      |   ^~~~~~
sudoku.c:74:1: error: expected identifier or ‘(’ before ‘}’ token
   74 | }
      | ^
sudoku.c: In function ‘is_valid’:
sudoku.c:72:3: error: control reaches end of non-void function [-Werror=return-type]
   72 |   }
      |   ^
cc1: all warnings being treated as errors
Compilation failed
7f49f65
Mon 01 May 2023 02:25:45 AM UTC: 
 sudoku.c | 4 ++--
 1 file changed, 2 insertions(+), 2 deletions(-)
In file included from test.c:5:
sudoku.c:73:3: error: expected identifier or ‘(’ before ‘return’
   73 |   return 1;
      |   ^~~~~~
sudoku.c:74:1: error: expected identifier or ‘(’ before ‘}’ token
   74 | }
      | ^
sudoku.c: In function ‘is_valid’:
sudoku.c:72:3: error: control reaches end of non-void function [-Werror=return-type]
   72 |   }
      |   ^
cc1: all warnings being treated as errors
Compilation failed
a8c77cf
Mon 01 May 2023 02:28:24 AM UTC: 
 sudoku.c | 15 +++++++--------
 1 file changed, 7 insertions(+), 8 deletions(-)
In file included from test.c:5:
sudoku.c: In function ‘is_valid’:
sudoku.c:67:11: error: unused variable ‘j’ [-Werror=unused-variable]
   67 |       int j=3*(k%3) + (p%3) ;
      |           ^
sudoku.c:66:11: error: unused variable ‘i’ [-Werror=unused-variable]
   66 |       int i=3*(k/3) + (p/3) ;
      |           ^
test.c:245:5: error: ‘main’ is normally a non-static function [-Werror=main]
  245 | int main( int argc, char *argv[] ) {
      |     ^~~~
test.c:262:1: error: expected declaration or statement at end of input
  262 | }
      | ^
test.c:263: error: control reaches end of non-void function [-Werror=return-type]
At top level:
test.c:245:5: error: ‘main’ defined but not used [-Werror=unused-function]
  245 | int main( int argc, char *argv[] ) {
      |     ^~~~
test.c:7:8: error: ‘_strdup’ defined but not used [-Werror=unused-function]
    7 | char * _strdup(const char * str) {
      |        ^~~~~~~
cc1: all warnings being treated as errors
Compilation failed
7ef963a
Mon 01 May 2023 02:28:38 AM UTC: 
 sudoku.c | 4 ++--
 1 file changed, 2 insertions(+), 2 deletions(-)
test.c: In function ‘is_valid’:
test.c:245:5: error: ‘main’ is normally a non-static function [-Werror=main]
  245 | int main( int argc, char *argv[] ) {
      |     ^~~~
test.c:262:1: error: expected declaration or statement at end of input
  262 | }
      | ^
test.c:263: error: control reaches end of non-void function [-Werror=return-type]
At top level:
test.c:245:5: error: ‘main’ defined but not used [-Werror=unused-function]
  245 | int main( int argc, char *argv[] ) {
      |     ^~~~
test.c:7:8: error: ‘_strdup’ defined but not used [-Werror=unused-function]
    7 | char * _strdup(const char * str) {
      |        ^~~~~~~
cc1: all warnings being treated as errors
Compilation failed
add58fb
Mon 01 May 2023 02:31:05 AM UTC: 
 sudoku.c | 9 ++++++++-
 1 file changed, 8 insertions(+), 1 deletion(-)
test.c: In function ‘is_valid’:
test.c:245:5: error: ‘main’ is normally a non-static function [-Werror=main]
  245 | int main( int argc, char *argv[] ) {
      |     ^~~~
test.c:262:1: error: expected declaration or statement at end of input
  262 | }
      | ^
test.c:263: error: control reaches end of non-void function [-Werror=return-type]
At top level:
test.c:245:5: error: ‘main’ defined but not used [-Werror=unused-function]
  245 | int main( int argc, char *argv[] ) {
      |     ^~~~
test.c:7:8: error: ‘_strdup’ defined but not used [-Werror=unused-function]
    7 | char * _strdup(const char * str) {
      |        ^~~~~~~
cc1: all warnings being treated as errors
Compilation failed
973f083
Mon 01 May 2023 02:38:38 AM UTC: 
 sudoku.c | 18 ++++++++++++++++--
 1 file changed, 16 insertions(+), 2 deletions(-)
test.c: In function ‘is_valid’:
test.c:245:5: error: ‘main’ is normally a non-static function [-Werror=main]
  245 | int main( int argc, char *argv[] ) {
      |     ^~~~
test.c:262:1: error: expected declaration or statement at end of input
  262 | }
      | ^
test.c:263: error: control reaches end of non-void function [-Werror=return-type]
At top level:
test.c:245:5: error: ‘main’ defined but not used [-Werror=unused-function]
  245 | int main( int argc, char *argv[] ) {
      |     ^~~~
test.c:7:8: error: ‘_strdup’ defined but not used [-Werror=unused-function]
    7 | char * _strdup(const char * str) {
      |        ^~~~~~~
cc1: all warnings being treated as errors
Compilation failed
b326381
Mon 01 May 2023 02:41:36 AM UTC: 
 sudoku.c | 5 +++--
 1 file changed, 3 insertions(+), 2 deletions(-)
test.c: In function ‘is_valid’:
test.c:245:5: error: ‘main’ is normally a non-static function [-Werror=main]
  245 | int main( int argc, char *argv[] ) {
      |     ^~~~
test.c:262:1: error: expected declaration or statement at end of input
  262 | }
      | ^
test.c:263: error: control reaches end of non-void function [-Werror=return-type]
At top level:
test.c:245:5: error: ‘main’ defined but not used [-Werror=unused-function]
  245 | int main( int argc, char *argv[] ) {
      |     ^~~~
test.c:7:8: error: ‘_strdup’ defined but not used [-Werror=unused-function]
    7 | char * _strdup(const char * str) {
      |        ^~~~~~~
cc1: all warnings being treated as errors
Compilation failed
362809b
Mon 01 May 2023 02:57:20 AM UTC: 
 sudoku.c | 17 ++++++++++++-----
 1 file changed, 12 insertions(+), 5 deletions(-)
test.c: In function ‘is_valid’:
test.c:245:5: error: ‘main’ is normally a non-static function [-Werror=main]
  245 | int main( int argc, char *argv[] ) {
      |     ^~~~
test.c:262:1: error: expected declaration or statement at end of input
  262 | }
      | ^
test.c:263: error: control reaches end of non-void function [-Werror=return-type]
At top level:
test.c:245:5: error: ‘main’ defined but not used [-Werror=unused-function]
  245 | int main( int argc, char *argv[] ) {
      |     ^~~~
test.c:7:8: error: ‘_strdup’ defined but not used [-Werror=unused-function]
    7 | char * _strdup(const char * str) {
      |        ^~~~~~~
cc1: all warnings being treated as errors
Compilation failed
b04f3dd
Mon 01 May 2023 02:59:39 AM UTC: 
 sudoku.c | 17 ++---------------
 1 file changed, 2 insertions(+), 15 deletions(-)
test.c: In function ‘is_valid’:
test.c:245:5: error: ‘main’ is normally a non-static function [-Werror=main]
  245 | int main( int argc, char *argv[] ) {
      |     ^~~~
test.c:262:1: error: expected declaration or statement at end of input
  262 | }
      | ^
test.c:263: error: control reaches end of non-void function [-Werror=return-type]
At top level:
test.c:245:5: error: ‘main’ defined but not used [-Werror=unused-function]
  245 | int main( int argc, char *argv[] ) {
      |     ^~~~
test.c:7:8: error: ‘_strdup’ defined but not used [-Werror=unused-function]
    7 | char * _strdup(const char * str) {
      |        ^~~~~~~
cc1: all warnings being treated as errors
Compilation failed
03fe227
Mon 01 May 2023 03:01:07 AM UTC: 
 sudoku.c | 23 +++++++++++++----------
 1 file changed, 13 insertions(+), 10 deletions(-)
 tests:  2|4
total_score: 15/70
25ca3d9
Mon 01 May 2023 03:04:43 AM UTC: 
 sudoku.c | 40 +++++++++++++++++++++-------------------
 1 file changed, 21 insertions(+), 19 deletions(-)
test.c: In function ‘is_valid’:
test.c:245:5: error: ‘main’ is normally a non-static function [-Werror=main]
  245 | int main( int argc, char *argv[] ) {
      |     ^~~~
test.c:262:1: error: expected declaration or statement at end of input
  262 | }
      | ^
test.c:263: error: control reaches end of non-void function [-Werror=return-type]
At top level:
test.c:245:5: error: ‘main’ defined but not used [-Werror=unused-function]
  245 | int main( int argc, char *argv[] ) {
      |     ^~~~
test.c:7:8: error: ‘_strdup’ defined but not used [-Werror=unused-function]
    7 | char * _strdup(const char * str) {
      |        ^~~~~~~
cc1: all warnings being treated as errors
Compilation failed
7c7f2b0
Mon 01 May 2023 03:05:33 AM UTC: 
 sudoku.c | 3 ++-
 1 file changed, 2 insertions(+), 1 deletion(-)
 tests:  5|3
total_score: 35/70
822cf9e
Tue 02 May 2023 03:54:03 AM UTC: 
 sudoku.c | 1 +
 1 file changed, 1 insertion(+)
 tests:  5|3
total_score: 35/70
de52a20
Tue 02 May 2023 03:58:12 AM UTC: 
 sudoku.c | 1 -
 1 file changed, 1 deletion(-)
In file included from test.c:5:
sudoku.c: In function ‘get_adj_nodes’:
sudoku.c:111:21: error: array subscript 9 is above array bounds of ‘int[9]’ [-Werror=array-bounds]
  111 |        if(n->sudo[i][j]==0) break;
      |           ~~~~~~~~~~^~~
sudoku.c:7:8: note: while referencing ‘sudo’
    7 |    int sudo[9][9];
      |        ^~~~
cc1: all warnings being treated as errors
Compilation failed
77bbdd1
Tue 02 May 2023 03:59:30 AM UTC: 
 sudoku.c | 2 +-
 1 file changed, 1 insertion(+), 1 deletion(-)
 tests:  5|3
total_score: 35/70
a30e941
Tue 02 May 2023 03:59:43 AM UTC: 
 sudoku.c | 2 +-
 1 file changed, 1 insertion(+), 1 deletion(-)
 tests:  5|3
total_score: 35/70
a0b6055
Tue 02 May 2023 04:01:56 AM UTC: 
 sudoku.c | 5 ++++-
 1 file changed, 4 insertions(+), 1 deletion(-)
 tests:  5|3
total_score: 35/70
14c7b7f
Tue 02 May 2023 04:03:23 AM UTC: 
 sudoku.c | 1 -
 1 file changed, 1 deletion(-)
In file included from test.c:5:
sudoku.c: In function ‘get_adj_nodes’:
sudoku.c:113:21: error: array subscript 9 is above array bounds of ‘int[9]’ [-Werror=array-bounds]
  113 |        if(n->sudo[i][j]==0) break;
      |           ~~~~~~~~~~^~~
sudoku.c:7:8: note: while referencing ‘sudo’
    7 |    int sudo[9][9];
      |        ^~~~
cc1: all warnings being treated as errors
Compilation failed
35af1eb
Tue 02 May 2023 04:03:35 AM UTC: 
 sudoku.c | 1 +
 1 file changed, 1 insertion(+)
 tests:  5|3
total_score: 35/70
8decad2
Tue 02 May 2023 04:19:54 AM UTC: 
 sudoku.c | 3 +++
 1 file changed, 3 insertions(+)
 tests:  5|3
total_score: 35/70
c10aa1c
Tue 02 May 2023 04:24:46 AM UTC: 
 sudoku.c | 3 ++-
 1 file changed, 2 insertions(+), 1 deletion(-)
In file included from test.c:5:
sudoku.c: In function ‘is_valid’:
sudoku.c:51:5: error: array subscript 9 is above array bounds of ‘int[9]’ [-Werror=array-bounds]
   51 |     printf("%d\n ",n->sudo[i][j]);
      |     ^~~~~~~~~~~~~~~~~~~~~~~~~~~~~
sudoku.c:7:8: note: while referencing ‘sudo’
    7 |    int sudo[9][9];
      |        ^~~~
cc1: all warnings being treated as errors
Compilation failed
705d3c6
Tue 02 May 2023 04:26:21 AM UTC: 
 sudoku.c | 3 ++-
 1 file changed, 2 insertions(+), 1 deletion(-)
In file included from test.c:5:
sudoku.c: In function ‘is_valid’:
sudoku.c:55:24: error: ‘nodo’ undeclared (first use in this function)
   55 |         printf("%d\n ",nodo->sudo[i][j]);
      |                        ^~~~
sudoku.c:55:24: note: each undeclared identifier is reported only once for each function it appears in
Compilation failed
b98f79d
Tue 02 May 2023 04:26:25 AM UTC: 
 sudoku.c | 2 +-
 1 file changed, 1 insertion(+), 1 deletion(-)
 tests:  5|3
total_score: 35/70
a0f6cb0
Tue 02 May 2023 04:28:33 AM UTC: 
 sudoku.c | 1 +
 1 file changed, 1 insertion(+)
 tests:  5|3
total_score: 35/70
83fbf17
Tue 02 May 2023 04:28:42 AM UTC: 
 sudoku.c | 2 +-
 1 file changed, 1 insertion(+), 1 deletion(-)
 tests:  5|3
total_score: 35/70
55651f2
Tue 02 May 2023 04:30:05 AM UTC: 
 sudoku.c | 2 +-
 1 file changed, 1 insertion(+), 1 deletion(-)
 tests:  5|3
total_score: 35/70
cccb7f5
Tue 02 May 2023 04:36:22 AM UTC: 
 sudoku.c | 7 ++-----
 1 file changed, 2 insertions(+), 5 deletions(-)
 tests:  5|3
total_score: 35/70
314bfb3
Tue 02 May 2023 04:39:47 AM UTC: 
 sudoku.c | 3 +--
 1 file changed, 1 insertion(+), 2 deletions(-)
 tests:  5|3
total_score: 35/70
543dc04
Tue 02 May 2023 04:43:46 AM UTC: 
 sudoku.c | 7 +++----
 1 file changed, 3 insertions(+), 4 deletions(-)
 tests:  5|3
total_score: 35/70
2b3036a
Tue 02 May 2023 04:44:18 AM UTC: 
 sudoku.c | 75 +++++++++++++++++++++++++++-------------------------------------
 1 file changed, 31 insertions(+), 44 deletions(-)
 tests:  5|3
total_score: 35/70
2716873
Tue 02 May 2023 04:44:45 AM UTC: 
 sudoku.c | 38 +++++++++++++++++++++++---------------
 1 file changed, 23 insertions(+), 15 deletions(-)
In file included from test.c:5:
sudoku.c: In function ‘get_adj_nodes’:
sudoku.c:105:17: error: implicit declaration of function ‘destroyNode’ [-Werror=implicit-function-declaration]
  105 |                 destroyNode(&new_node);
      |                 ^~~~~~~~~~~
cc1: all warnings being treated as errors
Compilation failed
87e9834
Tue 02 May 2023 04:44:56 AM UTC: 
 sudoku.c | 2 +-
 1 file changed, 1 insertion(+), 1 deletion(-)
 tests:  6|2
total_score: 45/70
f93f9c4
Tue 02 May 2023 04:45:20 AM UTC: 
 sudoku.c | 69 ++++++++++++++++++++++++++++++++++++++--------------------------
 1 file changed, 41 insertions(+), 28 deletions(-)
In file included from test.c:5:
sudoku.c: In function ‘get_adj_nodes’:
sudoku.c:117:17: error: implicit declaration of function ‘destroyNode’ [-Werror=implicit-function-declaration]
  117 |                 destroyNode(&new_node);
      |                 ^~~~~~~~~~~
cc1: all warnings being treated as errors
Compilation failed
8777df5
Tue 02 May 2023 04:45:29 AM UTC: 
 sudoku.c | 2 +-
 1 file changed, 1 insertion(+), 1 deletion(-)
 tests:  5|3
total_score: 35/70
2fa15f6
Tue 02 May 2023 04:47:38 AM UTC: 
 sudoku.c | 40 +++++++++++++++++-----------------------
 1 file changed, 17 insertions(+), 23 deletions(-)
 tests:  5|3
total_score: 35/70
bb2a38b
Tue 02 May 2023 04:48:59 AM UTC: 
 sudoku.c | 6 +++---
 1 file changed, 3 insertions(+), 3 deletions(-)
 tests:  0|5
total_score: 0/70
2769549
Tue 02 May 2023 04:50:06 AM UTC: 
 sudoku.c | 10 +++++-----
 1 file changed, 5 insertions(+), 5 deletions(-)
 tests:  5|3
total_score: 35/70
58cab43
Tue 02 May 2023 04:51:24 AM UTC: 
 sudoku.c | 1 -
 1 file changed, 1 deletion(-)
 tests:  5|3
total_score: 35/70
f16acbf
Tue 02 May 2023 04:52:23 AM UTC: 
 sudoku.c | 4 ++--
 1 file changed, 2 insertions(+), 2 deletions(-)
 tests:  5|3
total_score: 35/70
2dccc52
Tue 02 May 2023 04:52:40 AM UTC: 
 sudoku.c | 74 +++++++++++++++++++++++++++-------------------------------------
 1 file changed, 31 insertions(+), 43 deletions(-)
 tests:  6|2
total_score: 45/70
c8f2d6d
Tue 02 May 2023 04:53:58 AM UTC: 
 sudoku.c | 70 +++++++++++++++++++++++++++++++++++-----------------------------
 1 file changed, 38 insertions(+), 32 deletions(-)
In file included from test.c:5:
sudoku.c: In function ‘is_valid’:
sudoku.c:47:22: error: unused variable ‘p’ [-Werror=unused-variable]
   47 |   int *valido, i, j, p;
      |                      ^
sudoku.c: At top level:
sudoku.c:72:3: error: expected identifier or ‘(’ before ‘for’
   72 |   for(int k=0 ; k<9 ; k++)
      |   ^~~
sudoku.c:72:18: error: expected ‘=’, ‘,’, ‘;’, ‘asm’ or ‘__attribute__’ before ‘<’ token
   72 |   for(int k=0 ; k<9 ; k++)
      |                  ^
sudoku.c:72:24: error: expected ‘=’, ‘,’, ‘;’, ‘asm’ or ‘__attribute__’ before ‘++’ token
   72 |   for(int k=0 ; k<9 ; k++)
      |                        ^~
sudoku.c:87:3: error: expected identifier or ‘(’ before ‘return’
   87 |   return 1;
      |   ^~~~~~
sudoku.c:88:1: error: expected identifier or ‘(’ before ‘}’ token
   88 | }
      | ^
sudoku.c: In function ‘is_valid’:
sudoku.c:70:3: error: control reaches end of non-void function [-Werror=return-type]
   70 |   }
      |   ^
cc1: all warnings being treated as errors
Compilation failed
9912bf3
Tue 02 May 2023 04:54:17 AM UTC: 
 sudoku.c | 1 -
 1 file changed, 1 deletion(-)
 tests:  0|5
total_score: 0/70
7a0f3a0
Tue 02 May 2023 04:54:29 AM UTC: 
 sudoku.c | 6 ++++++
 1 file changed, 6 insertions(+)
 tests:  5|3
total_score: 35/70
f9b254e
Tue 02 May 2023 04:58:38 AM UTC: 
 sudoku.c | 50 +++++++++++++++-----------------------------------
 1 file changed, 15 insertions(+), 35 deletions(-)
 tests:  0|5
total_score: 0/70
c152ff4
Tue 02 May 2023 05:00:08 AM UTC: 
 sudoku.c | 6 +++---
 1 file changed, 3 insertions(+), 3 deletions(-)
In file included from test.c:5:
sudoku.c: In function ‘is_valid’:
sudoku.c:51:18: error: expected expression before ‘{’ token
   51 |         valido = {0};
      |                  ^
sudoku.c:63:18: error: expected expression before ‘{’ token
   63 |         valido = {0};
      |                  ^
Compilation failed
e8f7e27
Tue 02 May 2023 05:00:32 AM UTC: 
 sudoku.c | 6 +++---
 1 file changed, 3 insertions(+), 3 deletions(-)
In file included from test.c:5:
sudoku.c: In function ‘is_valid’:
sudoku.c:51:22: error: expected expression before ‘{’ token
   51 |         valido[10] = {0}
      |                      ^
sudoku.c:63:22: error: expected expression before ‘{’ token
   63 |         valido[10] = {0}
      |                      ^
sudoku.c:47:18: error: variable ‘valido’ set but not used [-Werror=unused-but-set-variable]
   47 |     int i, j, k, valido[10] = {0};
      |                  ^~~~~~
sudoku.c:47:12: error: unused variable ‘j’ [-Werror=unused-variable]
   47 |     int i, j, k, valido[10] = {0};
      |            ^
cc1: all warnings being treated as errors
Compilation failed
676ed7c
Tue 02 May 2023 05:04:17 AM UTC: 
 sudoku.c | 51 ++++++++++++++++++++++++++++++++++++---------------
 1 file changed, 36 insertions(+), 15 deletions(-)
 tests:  5|3
total_score: 35/70
068c8c3
Tue 02 May 2023 05:04:43 AM UTC: 
 sudoku.c | 60 ++++++++++++++++++++++--------------------------------------
 1 file changed, 22 insertions(+), 38 deletions(-)
 tests:  0|5
total_score: 0/70
8dc7ba1
